#
# There is insufficient memory for the Java Runtime Environment to continue.
# Native memory allocation (malloc) failed to allocate 131088 bytes for Chunk::new
# Possible reasons:
#   The system is out of physical RAM or swap space
#   In 32 bit mode, the process size limit was hit
# Possible solutions:
#   Reduce memory load on the system
#   Increase physical memory or swap space
#   Check if swap backing store is full
#   Use 64 bit Java on a 64 bit OS
#   Decrease Java heap size (-Xmx/-Xms)
#   Decrease number of Java threads
#   Decrease Java thread stack sizes (-Xss)
#   Set larger code cache with -XX:ReservedCodeCacheSize=
# This output file may be truncated or incomplete.
#
#  Out of Memory Error (allocation.cpp:390), pid=2392, tid=0x00000000000017e8
#
# JRE version: Java(TM) SE Runtime Environment (8.0_92-b14) (build 1.8.0_92-b14)
# Java VM: Java HotSpot(TM) 64-Bit Server VM (25.92-b14 mixed mode windows-amd64 compressed oops)
# Failed to write core dump. Minidumps are not enabled by default on client versions of Windows
#

---------------  T H R E A D  ---------------

Current thread (0x00000000550bd000):  JavaThread "C2 CompilerThread0" daemon [_thread_in_native, id=6120, stack(0x00000000560f0000,0x00000000561f0000)]

Stack: [0x00000000560f0000,0x00000000561f0000]
[error occurred during error reporting (printing stack bounds), id 0xc0000005]

Native frames: (J=compiled Java code, j=interpreted, Vv=VM code, C=native code)


Current CompileTask:
C2:8945399 20095   !   4       org.gradle.api.internal.ClassGeneratorBackedInstantiator::newInstance (40 bytes)


---------------  P R O C E S S  ---------------

Java Threads: ( => current thread )
  0x00000000588fb800 JavaThread "Stdin handler" [_thread_blocked, id=6828, stack(0x000000005fa00000,0x000000005fb00000)]
  0x000000005a6aa000 JavaThread "Cancel handler" [_thread_blocked, id=6832, stack(0x00000000593b0000,0x00000000594b0000)]
  0x0000000059d1a800 JavaThread "Handler for socket connection from /127.0.0.1:56692 to /127.0.0.1:63813" [_thread_in_native, id=4832, stack(0x0000000059060000,0x0000000059160000)]
  0x000000005b4de000 JavaThread "Daemon worker Thread 8" [_thread_in_native, id=5692, stack(0x00000000594b0000,0x00000000595b0000)]
  0x000000005a459800 JavaThread "Daemon Thread 8" [_thread_blocked, id=5064, stack(0x00000000591b0000,0x00000000592b0000)]
  0x0000000059d17800 JavaThread "pool-3-thread-4" [_thread_blocked, id=4512, stack(0x0000000061220000,0x0000000061320000)]
  0x000000005b4dd800 JavaThread "pool-3-thread-2" [_thread_blocked, id=5512, stack(0x0000000062370000,0x0000000062470000)]
  0x000000005cacf800 JavaThread "pool-3-thread-3" [_thread_blocked, id=6656, stack(0x00000000604f0000,0x00000000605f0000)]
  0x000000005bcf5000 JavaThread "pool-3-thread-1" [_thread_blocked, id=4208, stack(0x0000000061070000,0x0000000061170000)]
  0x000000005bb44800 JavaThread "File lock request listener" [_thread_in_native, id=300, stack(0x000000005ac00000,0x000000005ad00000)]
  0x0000000057ef0000 JavaThread "Incoming local TCP Connector on port 56692" [_thread_in_native, id=6084, stack(0x0000000058cc0000,0x0000000058dc0000)]
  0x0000000056538000 JavaThread "Service Thread" daemon [_thread_blocked, id=1240, stack(0x0000000056f30000,0x0000000057030000)]
  0x00000000564d1800 JavaThread "C1 CompilerThread2" daemon [_thread_blocked, id=4012, stack(0x0000000056cb0000,0x0000000056db0000)]
  0x00000000564cc800 JavaThread "C2 CompilerThread1" daemon [_thread_blocked, id=3740, stack(0x0000000056a70000,0x0000000056b70000)]
=>0x00000000550bd000 JavaThread "C2 CompilerThread0" daemon [_thread_in_native, id=6120, stack(0x00000000560f0000,0x00000000561f0000)]
  0x00000000564ba800 JavaThread "Attach Listener" daemon [_thread_blocked, id=5656, stack(0x0000000056b90000,0x0000000056c90000)]
  0x00000000550ac000 JavaThread "Signal Dispatcher" daemon [_thread_blocked, id=6020, stack(0x0000000056910000,0x0000000056a10000)]
  0x000000005509a000 JavaThread "Finalizer" daemon [_thread_blocked, id=5136, stack(0x00000000563b0000,0x00000000564b0000)]
  0x0000000055053000 JavaThread "Reference Handler" daemon [_thread_blocked, id=4552, stack(0x0000000056210000,0x0000000056310000)]
  0x0000000001c9f000 JavaThread "main" [_thread_blocked, id=5180, stack(0x0000000002590000,0x0000000002690000)]

Other Threads:
  0x000000005504b800 VMThread [stack: 0x0000000055fb0000,0x00000000560b0000] [id=3640]
  0x0000000056571800 WatcherThread [stack: 0x00000000570f0000,0x00000000571f0000] [id=164]

VM state:not at safepoint (normal execution)

VM Mutex/Monitor currently owned by a thread: None

Heap:
 PSYoungGen      total 320000K, used 308159K [0x00000000eab00000, 0x0000000100000000, 0x0000000100000000)
  eden space 297472K, 98% used [0x00000000eab00000,0x00000000fc8c4390,0x00000000fcd80000)
  from space 22528K, 68% used [0x00000000fcd80000,0x00000000fdcabc40,0x00000000fe380000)
  to   space 23552K, 0% used [0x00000000fe900000,0x00000000fe900000,0x0000000100000000)
 ParOldGen       total 110592K, used 34213K [0x00000000c0000000, 0x00000000c6c00000, 0x00000000eab00000)
  object space 110592K, 30% used [0x00000000c0000000,0x00000000c2169560,0x00000000c6c00000)
 Metaspace       used 65116K, capacity 67844K, committed 69504K, reserved 1110016K
  class space    used 8293K, capacity 8737K, committed 9088K, reserved 1048576K

Card table byte_map: [0x0000000011ae0000,0x0000000011cf0000] byte_map_base: 0x00000000114e0000

Marking Bits: (ParMarkBitMap*) 0x00000000721764f0
 Begin Bits: [0x00000000124c0000, 0x00000000134c0000)
 End Bits:   [0x00000000134c0000, 0x00000000144c0000)

Polling page: 0x00000000004d0000

CodeCache: size=245760Kb used=56903Kb max_used=57345Kb free=188856Kb
 bounds [0x0000000002720000, 0x0000000005f90000, 0x0000000011720000]
 total_blobs=15672 nmethods=14914 adapters=667
 compilation: enabled

Compilation events (10 events):
Event: 8943.241 Thread 0x00000000564d1800 20101       1       org.gradle.api.internal.artifacts.dsl.ParsedModuleStringNotation::getVersion (5 bytes)
Event: 8943.241 Thread 0x00000000564d1800 nmethod 20101 0x0000000004975f50 code [0x00000000049760a0, 0x00000000049761b0]
Event: 8943.241 Thread 0x00000000564d1800 20102       1       org.gradle.api.internal.artifacts.dsl.ParsedModuleStringNotation::getArtifactType (5 bytes)
Event: 8943.241 Thread 0x00000000564d1800 nmethod 20102 0x0000000004f662d0 code [0x0000000004f66420, 0x0000000004f66530]
Event: 8943.241 Thread 0x00000000564d1800 20103       1       org.gradle.api.internal.artifacts.dsl.ParsedModuleStringNotation::getClassifier (5 bytes)
Event: 8943.241 Thread 0x00000000564d1800 nmethod 20103 0x0000000004f65f90 code [0x0000000004f660e0, 0x0000000004f661f0]
Event: 8943.242 Thread 0x00000000564d1800 20104       3       com.google.common.base.Stopwatch::start (35 bytes)
Event: 8943.242 Thread 0x00000000564d1800 nmethod 20104 0x00000000047aa610 code [0x00000000047aa7c0, 0x00000000047aac78]
Event: 8943.242 Thread 0x00000000564d1800 20105       1       com.android.sdklib.repositoryv2.targets.PlatformTarget::isPlatform (2 bytes)
Event: 8943.242 Thread 0x00000000564d1800 nmethod 20105 0x000000000596bb10 code [0x000000000596bc60, 0x000000000596bd70]

GC Heap History (10 events):
Event: 7333.721 GC heap before
{Heap before GC invocations=46 (full 10):
 PSYoungGen      total 323584K, used 4000K [0x00000000eab00000, 0x0000000100000000, 0x0000000100000000)
  eden space 297472K, 0% used [0x00000000eab00000,0x00000000eab00000,0x00000000fcd80000)
  from space 26112K, 15% used [0x00000000fe680000,0x00000000fea68020,0x0000000100000000)
  to   space 25600K, 0% used [0x00000000fcd80000,0x00000000fcd80000,0x00000000fe680000)
 ParOldGen       total 110592K, used 44445K [0x00000000c0000000, 0x00000000c6c00000, 0x00000000eab00000)
  object space 110592K, 40% used [0x00000000c0000000,0x00000000c2b674b8,0x00000000c6c00000)
 Metaspace       used 64395K, capacity 66522K, committed 68736K, reserved 1110016K
  class space    used 8191K, capacity 8606K, committed 9088K, reserved 1048576K
Event: 7333.930 GC heap after
Heap after GC invocations=46 (full 10):
 PSYoungGen      total 323584K, used 0K [0x00000000eab00000, 0x0000000100000000, 0x0000000100000000)
  eden space 297472K, 0% used [0x00000000eab00000,0x00000000eab00000,0x00000000fcd80000)
  from space 26112K, 0% used [0x00000000fe680000,0x00000000fe680000,0x0000000100000000)
  to   space 25600K, 0% used [0x00000000fcd80000,0x00000000fcd80000,0x00000000fe680000)
 ParOldGen       total 110592K, used 39779K [0x00000000c0000000, 0x00000000c6c00000, 0x00000000eab00000)
  object space 110592K, 35% used [0x00000000c0000000,0x00000000c26d8f50,0x00000000c6c00000)
 Metaspace       used 63830K, capacity 65522K, committed 68736K, reserved 1110016K
  class space    used 8055K, capacity 8336K, committed 9088K, reserved 1048576K
}
Event: 7357.600 GC heap before
{Heap before GC invocations=47 (full 10):
 PSYoungGen      total 323584K, used 297472K [0x00000000eab00000, 0x0000000100000000, 0x0000000100000000)
  eden space 297472K, 100% used [0x00000000eab00000,0x00000000fcd80000,0x00000000fcd80000)
  from space 26112K, 0% used [0x00000000fe680000,0x00000000fe680000,0x0000000100000000)
  to   space 25600K, 0% used [0x00000000fcd80000,0x00000000fcd80000,0x00000000fe680000)
 ParOldGen       total 110592K, used 39779K [0x00000000c0000000, 0x00000000c6c00000, 0x00000000eab00000)
  object space 110592K, 35% used [0x00000000c0000000,0x00000000c26d8f50,0x00000000c6c00000)
 Metaspace       used 64480K, capacity 66704K, committed 68992K, reserved 1110016K
  class space    used 8188K, capacity 8540K, committed 9088K, reserved 1048576K
Event: 7357.701 GC heap after
Heap after GC invocations=47 (full 10):
 PSYoungGen      total 307200K, used 9301K [0x00000000eab00000, 0x00000000ffc80000, 0x0000000100000000)
  eden space 297472K, 0% used [0x00000000eab00000,0x00000000eab00000,0x00000000fcd80000)
  from space 9728K, 95% used [0x00000000fcd80000,0x00000000fd695440,0x00000000fd700000)
  to   space 24064K, 0% used [0x00000000fe500000,0x00000000fe500000,0x00000000ffc80000)
 ParOldGen       total 110592K, used 39787K [0x00000000c0000000, 0x00000000c6c00000, 0x00000000eab00000)
  object space 110592K, 35% used [0x00000000c0000000,0x00000000c26daf50,0x00000000c6c00000)
 Metaspace       used 64480K, capacity 66704K, committed 68992K, reserved 1110016K
  class space    used 8188K, capacity 8540K, committed 9088K, reserved 1048576K
}
Event: 8822.037 GC heap before
{Heap before GC invocations=48 (full 10):
 PSYoungGen      total 307200K, used 306190K [0x00000000eab00000, 0x00000000ffc80000, 0x0000000100000000)
  eden space 297472K, 99% used [0x00000000eab00000,0x00000000fccee6f8,0x00000000fcd80000)
  from space 9728K, 95% used [0x00000000fcd80000,0x00000000fd695440,0x00000000fd700000)
  to   space 24064K, 0% used [0x00000000fe500000,0x00000000fe500000,0x00000000ffc80000)
 ParOldGen       total 110592K, used 39787K [0x00000000c0000000, 0x00000000c6c00000, 0x00000000eab00000)
  object space 110592K, 35% used [0x00000000c0000000,0x00000000c26daf50,0x00000000c6c00000)
 Metaspace       used 64783K, capacity 67208K, committed 68992K, reserved 1110016K
  class space    used 8246K, capacity 8679K, committed 9088K, reserved 1048576K
Event: 8822.049 GC heap after
Heap after GC invocations=48 (full 10):
 PSYoungGen      total 318464K, used 10053K [0x00000000eab00000, 0x00000000ff980000, 0x0000000100000000)
  eden space 297472K, 0% used [0x00000000eab00000,0x00000000eab00000,0x00000000fcd80000)
  from space 20992K, 47% used [0x00000000fe500000,0x00000000feed1450,0x00000000ff980000)
  to   space 22528K, 0% used [0x00000000fcd80000,0x00000000fcd80000,0x00000000fe380000)
 ParOldGen       total 110592K, used 39795K [0x00000000c0000000, 0x00000000c6c00000, 0x00000000eab00000)
  object space 110592K, 35% used [0x00000000c0000000,0x00000000c26dcf50,0x00000000c6c00000)
 Metaspace       used 64783K, capacity 67208K, committed 68992K, reserved 1110016K
  class space    used 8246K, capacity 8679K, committed 9088K, reserved 1048576K
}
Event: 8822.049 GC heap before
{Heap before GC invocations=49 (full 11):
 PSYoungGen      total 318464K, used 10053K [0x00000000eab00000, 0x00000000ff980000, 0x0000000100000000)
  eden space 297472K, 0% used [0x00000000eab00000,0x00000000eab00000,0x00000000fcd80000)
  from space 20992K, 47% used [0x00000000fe500000,0x00000000feed1450,0x00000000ff980000)
  to   space 22528K, 0% used [0x00000000fcd80000,0x00000000fcd80000,0x00000000fe380000)
 ParOldGen       total 110592K, used 39795K [0x00000000c0000000, 0x00000000c6c00000, 0x00000000eab00000)
  object space 110592K, 35% used [0x00000000c0000000,0x00000000c26dcf50,0x00000000c6c00000)
 Metaspace       used 64783K, capacity 67208K, committed 68992K, reserved 1110016K
  class space    used 8246K, capacity 8679K, committed 9088K, reserved 1048576K
Event: 8822.313 GC heap after
Heap after GC invocations=49 (full 11):
 PSYoungGen      total 318464K, used 0K [0x00000000eab00000, 0x00000000ff980000, 0x0000000100000000)
  eden space 297472K, 0% used [0x00000000eab00000,0x00000000eab00000,0x00000000fcd80000)
  from space 20992K, 0% used [0x00000000fe500000,0x00000000fe500000,0x00000000ff980000)
  to   space 22528K, 0% used [0x00000000fcd80000,0x00000000fcd80000,0x00000000fe380000)
 ParOldGen       total 110592K, used 34213K [0x00000000c0000000, 0x00000000c6c00000, 0x00000000eab00000)
  object space 110592K, 30% used [0x00000000c0000000,0x00000000c2169560,0x00000000c6c00000)
 Metaspace       used 63975K, capacity 65554K, committed 68992K, reserved 1110016K
  class space    used 8050K, capacity 8300K, committed 9088K, reserved 1048576K
}
Event: 8827.982 GC heap before
{Heap before GC invocations=50 (full 11):
 PSYoungGen      total 318464K, used 297472K [0x00000000eab00000, 0x00000000ff980000, 0x0000000100000000)
  eden space 297472K, 100% used [0x00000000eab00000,0x00000000fcd80000,0x00000000fcd80000)
  from space 20992K, 0% used [0x00000000fe500000,0x00000000fe500000,0x00000000ff980000)
  to   space 22528K, 0% used [0x00000000fcd80000,0x00000000fcd80000,0x00000000fe380000)
 ParOldGen       total 110592K, used 34213K [0x00000000c0000000, 0x00000000c6c00000, 0x00000000eab00000)
  object space 110592K, 30% used [0x00000000c0000000,0x00000000c2169560,0x00000000c6c00000)
 Metaspace       used 64472K, capacity 66494K, committed 69248K, reserved 1110016K
  class space    used 8167K, capacity 8532K, committed 9088K, reserved 1048576K
Event: 8828.053 GC heap after
Heap after GC invocations=50 (full 11):
 PSYoungGen      total 320000K, used 15535K [0x00000000eab00000, 0x0000000100000000, 0x0000000100000000)
  eden space 297472K, 0% used [0x00000000eab00000,0x00000000eab00000,0x00000000fcd80000)
  from space 22528K, 68% used [0x00000000fcd80000,0x00000000fdcabc40,0x00000000fe380000)
  to   space 23552K, 0% used [0x00000000fe900000,0x00000000fe900000,0x0000000100000000)
 ParOldGen       total 110592K, used 34213K [0x00000000c0000000, 0x00000000c6c00000, 0x00000000eab00000)
  object space 110592K, 30% used [0x00000000c0000000,0x00000000c2169560,0x00000000c6c00000)
 Metaspace       used 64472K, capacity 66494K, committed 69248K, reserved 1110016K
  class space    used 8167K, capacity 8532K, committed 9088K, reserved 1048576K
}

Deoptimization events (10 events):
Event: 8823.475 Thread 0x000000005b4de000 Uncommon trap: reason=array_check action=maybe_recompile pc=0x00000000046b9fdc method=java.util.ComparableTimSort.mergeLo(IIII)V @ 81
Event: 8824.923 Thread 0x000000005b4de000 Uncommon trap: reason=array_check action=maybe_recompile pc=0x0000000005869e14 method=java.util.ComparableTimSort.mergeLo(IIII)V @ 240
Event: 8824.942 Thread 0x000000005b4de000 Uncommon trap: reason=array_check action=maybe_recompile pc=0x0000000003905370 method=java.util.ComparableTimSort.mergeHi(IIII)V @ 277
Event: 8825.236 Thread 0x000000005b4de000 Uncommon trap: reason=predicate action=maybe_recompile pc=0x00000000046d9d1c method=java.util.ComparableTimSort.mergeLo(IIII)V @ 147
Event: 8825.391 Thread 0x000000005b4de000 Uncommon trap: reason=array_check action=maybe_recompile pc=0x0000000005869e14 method=java.util.ComparableTimSort.mergeLo(IIII)V @ 240
Event: 8825.992 Thread 0x000000005b4de000 Uncommon trap: reason=array_check action=maybe_recompile pc=0x0000000005ce1758 method=java.util.ComparableTimSort.mergeLo(IIII)V @ 207
Event: 8826.009 Thread 0x000000005b4de000 Uncommon trap: reason=array_check action=maybe_recompile pc=0x0000000005ce1758 method=java.util.ComparableTimSort.mergeLo(IIII)V @ 207
Event: 8828.556 Thread 0x000000005b4de000 Uncommon trap: reason=class_check action=maybe_recompile pc=0x0000000002ec2bac method=java.lang.Throwable.<init>(Ljava/lang/String;Ljava/lang/Throwable;)V @ 24
Event: 8863.883 Thread 0x000000005b4de000 Uncommon trap: reason=class_check action=maybe_recompile pc=0x0000000002ec2bac method=java.lang.Throwable.<init>(Ljava/lang/String;Ljava/lang/Throwable;)V @ 24
Event: 8863.886 Thread 0x000000005b4de000 Uncommon trap: reason=unstable_if action=reinterpret pc=0x0000000005015154 method=java.util.concurrent.ThreadPoolExecutor.tryTerminate()V @ 40

Internal exceptions (10 events):
Event: 8828.583 Thread 0x000000005a459800 Exception <a 'java/lang/NoSuchMethodError': <clinit>> (0x00000000eb691590) thrown at [D:\re\workspace\8-2-build-windows-amd64-cygwin\jdk8u92\6642\hotspot\src\share\vm\prims\jni.cpp, line 1613]
Event: 8828.583 Thread 0x000000005a459800 Exception <a 'java/lang/NoSuchMethodError': <clinit>> (0x00000000eb6ab250) thrown at [D:\re\workspace\8-2-build-windows-amd64-cygwin\jdk8u92\6642\hotspot\src\share\vm\prims\jni.cpp, line 1613]
Event: 8861.036 Thread 0x000000005b4de000 Exception <a 'java/lang/ClassNotFoundException': asLocalRepo33_8mdk9wfx5z1b1ip1lvp8rqukbBeanInfo> (0x00000000eb0682f8) thrown at [D:\re\workspace\8-2-build-windows-amd64-cygwin\jdk8u92\6642\hotspot\src\share\vm\classfile\systemDictionary.cpp, line 210]
Event: 8861.036 Thread 0x000000005b4de000 Exception <a 'java/lang/ClassNotFoundException': asLocalRepo33_8mdk9wfx5z1b1ip1lvp8rqukbCustomizer> (0x00000000eb071758) thrown at [D:\re\workspace\8-2-build-windows-amd64-cygwin\jdk8u92\6642\hotspot\src\share\vm\classfile\systemDictionary.cpp, line 210]
Event: 8863.883 Thread 0x000000005b4de000 Exception <a 'java/lang/reflect/InvocationTargetException'> (0x00000000f017a918) thrown at [D:\re\workspace\8-2-build-windows-amd64-cygwin\jdk8u92\6642\hotspot\src\share\vm\runtime\reflection.cpp, line 1092]
Event: 8880.647 Thread 0x000000005b4de000 Exception <a 'java/lang/ClassNotFoundException': asLocalRepo34_7vpnpn1efy0v16zwy1xmk2kd8BeanInfo> (0x00000000f25e9bc8) thrown at [D:\re\workspace\8-2-build-windows-amd64-cygwin\jdk8u92\6642\hotspot\src\share\vm\classfile\systemDictionary.cpp, line 210]
Event: 8880.648 Thread 0x000000005b4de000 Exception <a 'java/lang/ClassNotFoundException': asLocalRepo34_7vpnpn1efy0v16zwy1xmk2kd8Customizer> (0x00000000f25f3028) thrown at [D:\re\workspace\8-2-build-windows-amd64-cygwin\jdk8u92\6642\hotspot\src\share\vm\classfile\systemDictionary.cpp, line 210]
Event: 8883.636 Thread 0x000000005b4de000 Exception <a 'java/lang/reflect/InvocationTargetException'> (0x00000000f6f63ec0) thrown at [D:\re\workspace\8-2-build-windows-amd64-cygwin\jdk8u92\6642\hotspot\src\share\vm\runtime\reflection.cpp, line 1092]
Event: 8942.363 Thread 0x000000005b4de000 Exception <a 'java/lang/ClassNotFoundException': asLocalRepo35_8dirgezcatfgxeekk6f03zqe6BeanInfo> (0x00000000f707c3f0) thrown at [D:\re\workspace\8-2-build-windows-amd64-cygwin\jdk8u92\6642\hotspot\src\share\vm\classfile\systemDictionary.cpp, line 210]
Event: 8942.363 Thread 0x000000005b4de000 Exception <a 'java/lang/ClassNotFoundException': asLocalRepo35_8dirgezcatfgxeekk6f03zqe6Customizer> (0x00000000f7085850) thrown at [D:\re\workspace\8-2-build-windows-amd64-cygwin\jdk8u92\6642\hotspot\src\share\vm\classfile\systemDictionary.cpp, line 210]

Events (10 events):
Event: 8942.386 loading class asLocalRepo35_8dirgezcatfgxeekk6f03zqe6$_run_closure1$_closure3$_closure6
Event: 8942.386 loading class asLocalRepo35_8dirgezcatfgxeekk6f03zqe6$_run_closure1$_closure3$_closure6 done
Event: 8942.386 loading class groovy/runtime/metaclass/asLocalRepo35_8dirgezcatfgxeekk6f03zqe6$_run_closure1$_closure3$_closure6MetaClass
Event: 8942.386 loading class groovy/runtime/metaclass/asLocalRepo35_8dirgezcatfgxeekk6f03zqe6$_run_closure1$_closure3$_closure6MetaClass done
Event: 8942.410 Thread 0x00000000564cc800 flushing nmethod 0x0000000005714bd0
Event: 8942.410 Thread 0x00000000564cc800 flushing nmethod 0x0000000005716050
Event: 8942.410 Thread 0x00000000564cc800 flushing nmethod 0x0000000005868ed0
Event: 8942.410 Thread 0x00000000564cc800 flushing nmethod 0x000000000596b7d0
Event: 8943.210 loading class com/google/common/collect/RegularImmutableMap$1
Event: 8943.210 loading class com/google/common/collect/RegularImmutableMap$1 done


Dynamic libraries:
0x000000013f680000 - 0x000000013f6b7000 	C:\Program Files\Java\jdk1.8.0_92\bin\java.exe
0x00000000770a0000 - 0x0000000077249000 	C:\Windows\SYSTEM32\ntdll.dll
0x0000000076e80000 - 0x0000000076f9f000 	C:\Windows\system32\kernel32.dll
0x000007fefd100000 - 0x000007fefd16b000 	C:\Windows\system32\KERNELBASE.dll
0x000007fefeef0000 - 0x000007fefefcb000 	C:\Windows\system32\ADVAPI32.dll
0x000007fefd860000 - 0x000007fefd8ff000 	C:\Windows\system32\msvcrt.dll
0x000007fefd3d0000 - 0x000007fefd3ef000 	C:\Windows\SYSTEM32\sechost.dll
0x000007fefd720000 - 0x000007fefd84d000 	C:\Windows\system32\RPCRT4.dll
0x0000000076fa0000 - 0x000000007709a000 	C:\Windows\system32\USER32.dll
0x000007fefee00000 - 0x000007fefee67000 	C:\Windows\system32\GDI32.dll
0x000007fefd3c0000 - 0x000007fefd3ce000 	C:\Windows\system32\LPK.dll
0x000007fefdf00000 - 0x000007fefdfc9000 	C:\Windows\system32\USP10.dll
0x000007fefb7e0000 - 0x000007fefb9d4000 	C:\Windows\WinSxS\amd64_microsoft.windows.common-controls_6595b64144ccf1df_6.0.7601.17514_none_fa396087175ac9ac\COMCTL32.dll
0x000007fefee70000 - 0x000007fefeee1000 	C:\Windows\system32\SHLWAPI.dll
0x000007fefded0000 - 0x000007fefdefe000 	C:\Windows\system32\IMM32.DLL
0x000007fefd5f0000 - 0x000007fefd6f9000 	C:\Windows\system32\MSCTF.dll
0x0000000067410000 - 0x00000000674e2000 	C:\Program Files\Java\jdk1.8.0_92\jre\bin\msvcr100.dll
0x0000000071960000 - 0x00000000721f6000 	C:\Program Files\Java\jdk1.8.0_92\jre\bin\server\jvm.dll
0x000007feea720000 - 0x000007feea729000 	C:\Windows\system32\WSOCK32.dll
0x000007fefd900000 - 0x000007fefd94d000 	C:\Windows\system32\WS2_32.dll
0x000007fefd850000 - 0x000007fefd858000 	C:\Windows\system32\NSI.dll
0x000007fefb170000 - 0x000007fefb1ab000 	C:\Windows\system32\WINMM.dll
0x000007fefc130000 - 0x000007fefc13c000 	C:\Windows\system32\VERSION.dll
0x0000000077270000 - 0x0000000077277000 	C:\Windows\system32\PSAPI.DLL
0x00000000748e0000 - 0x00000000748ef000 	C:\Program Files\Java\jdk1.8.0_92\jre\bin\verify.dll
0x00000000748b0000 - 0x00000000748d9000 	C:\Program Files\Java\jdk1.8.0_92\jre\bin\java.dll
0x0000000074890000 - 0x00000000748a6000 	C:\Program Files\Java\jdk1.8.0_92\jre\bin\zip.dll
0x000007fefe070000 - 0x000007fefedf8000 	C:\Windows\system32\SHELL32.dll
0x000007fefdcc0000 - 0x000007fefdec3000 	C:\Windows\system32\ole32.dll
0x000007fefcff0000 - 0x000007fefcfff000 	C:\Windows\system32\profapi.dll
0x0000000074870000 - 0x000000007488a000 	C:\Program Files\Java\jdk1.8.0_92\jre\bin\net.dll
0x000007fefc860000 - 0x000007fefc8b5000 	C:\Windows\system32\mswsock.dll
0x000007fefc850000 - 0x000007fefc857000 	C:\Windows\System32\wship6.dll
0x00000000744e0000 - 0x00000000744f1000 	C:\Program Files\Java\jdk1.8.0_92\jre\bin\nio.dll
0x000007fefa950000 - 0x000007fefa962000 	C:\Users\kyly\.gradle\native\19\windows-amd64\native-platform.dll
0x000007fefa300000 - 0x000007fefa327000 	C:\Windows\system32\IPHLPAPI.DLL
0x000007fefa2f0000 - 0x000007fefa2fb000 	C:\Windows\system32\WINNSI.DLL
0x000007fefa180000 - 0x000007fefa191000 	C:\Windows\system32\dhcpcsvc6.DLL
0x000007fefa100000 - 0x000007fefa118000 	C:\Windows\system32\dhcpcsvc.DLL
0x000007fefc8c0000 - 0x000007fefc8d7000 	C:\Windows\system32\CRYPTSP.dll
0x000007fefc5c0000 - 0x000007fefc607000 	C:\Windows\system32\rsaenh.dll
0x000007fefc340000 - 0x000007fefc35e000 	C:\Windows\system32\USERENV.dll
0x000007fefcf20000 - 0x000007fefcf2f000 	C:\Windows\system32\CRYPTBASE.dll
0x000007fefcec0000 - 0x000007fefcf17000 	C:\Windows\system32\apphelp.dll
0x00000000744d0000 - 0x00000000744dd000 	C:\Program Files\Java\jdk1.8.0_92\jre\bin\management.dll
0x00000000702e0000 - 0x0000000070304000 	C:\Program Files\Java\jdk1.8.0_92\jre\bin\sunec.dll
0x000007fefc220000 - 0x000007fefc227000 	C:\Windows\System32\wshtcpip.dll
0x000007fefc6e0000 - 0x000007fefc73b000 	C:\Windows\system32\DNSAPI.dll
0x000007fef8890000 - 0x000007fef8898000 	C:\Windows\system32\rasadhlp.dll
0x000007fefa1b0000 - 0x000007fefa203000 	C:\Windows\System32\fwpuclnt.dll
0x0000000074400000 - 0x000000007440b000 	C:\Program Files\Java\jdk1.8.0_92\jre\bin\sunmscapi.dll
0x000007fefd250000 - 0x000007fefd3b7000 	C:\Windows\system32\CRYPT32.dll
0x000007fefd090000 - 0x000007fefd09f000 	C:\Windows\system32\MSASN1.dll
0x000007fefb040000 - 0x000007fefb055000 	C:\Windows\system32\NLAapi.dll
0x000007fef82c0000 - 0x000007fef82d5000 	C:\Windows\system32\napinsp.dll
0x000007fef82a0000 - 0x000007fef82b9000 	C:\Windows\system32\pnrpnsp.dll
0x000007fef8290000 - 0x000007fef829b000 	C:\Windows\System32\winrnr.dll

VM Arguments:
jvm_args: -XX:MaxPermSize=256m -XX:+HeapDumpOnOutOfMemoryError -Xmx1024m -Dfile.encoding=GBK -Duser.country=CN -Duser.language=zh -Duser.variant 
java_command: org.gradle.launcher.daemon.bootstrap.GradleDaemon 2.10
java_class_path (initial): E:\Android\Android Studio\gradle\gradle-2.10\lib\gradle-launcher-2.10.jar
Launcher Type: SUN_STANDARD

Environment Variables:
JAVA_HOME=C:\Program Files\Java\jdk1.8.0_92
PATH=C:\ProgramData\Oracle\Java\javapath;C:\Program Files (x86)\Intel\iCLS Client\;C:\Program Files\Intel\iCLS Client\;C:\Windows\system32;C:\Windows;C:\Windows\System32\Wbem;C:\Windows\System32\WindowsPowerShell\v1.0\;C:\Program Files\Intel\Intel(R) Management Engine Components\DAL;C:\Program Files\Intel\Intel(R) Management Engine Components\IPT;C:\Program Files (x86)\Intel\Intel(R) Management Engine Components\DAL;C:\Program Files (x86)\Intel\Intel(R) Management Engine Components\IPT;C:\Program Files (x86)\AMD\ATI.ACE\Core-Static;E:\Program Files\Git\cmd
USERNAME=kyly
OS=Windows_NT
PROCESSOR_IDENTIFIER=Intel64 Family 6 Model 42 Stepping 7, GenuineIntel



---------------  S Y S T E M  ---------------

OS: Windows 7 , 64 bit Build 7601 (6.1.7601.17514)

CPU:total 4 (2 cores per cpu, 2 threads per core) family 6 model 42 stepping 7, cmov, cx8, fxsr, mmx, sse, sse2, sse3, ssse3, sse4.1, sse4.2, popcnt, avx, clmul, ht, tsc, tscinvbit

Memory: 4k page, physical 6242136k(959688k free), swap 11483172k(5160k free)

vm_info: Java HotSpot(TM) 64-Bit Server VM (25.92-b14) for windows-amd64 JRE (1.8.0_92-b14), built on Mar 31 2016 21:03:04 by "java_re" with MS VC++ 10.0 (VS2010)

time: Thu May 26 20:36:18 2016
elapsed time: 8943 seconds (0d 2h 29m 3s)

