#
# There is insufficient memory for the Java Runtime Environment to continue.
# Native memory allocation (malloc) failed to allocate 32744 bytes for ChunkPool::allocate
# Possible reasons:
#   The system is out of physical RAM or swap space
#   In 32 bit mode, the process size limit was hit
# Possible solutions:
#   Reduce memory load on the system
#   Increase physical memory or swap space
#   Check if swap backing store is full
#   Use 64 bit Java on a 64 bit OS
#   Decrease Java heap size (-Xmx/-Xms)
#   Decrease number of Java threads
#   Decrease Java thread stack sizes (-Xss)
#   Set larger code cache with -XX:ReservedCodeCacheSize=
# This output file may be truncated or incomplete.
#
#  Out of Memory Error (allocation.cpp:273), pid=2952, tid=0x000000000000145c
#
# JRE version: Java(TM) SE Runtime Environment (8.0_92-b14) (build 1.8.0_92-b14)
# Java VM: Java HotSpot(TM) 64-Bit Server VM (25.92-b14 mixed mode windows-amd64 compressed oops)
# Failed to write core dump. Minidumps are not enabled by default on client versions of Windows
#

---------------  T H R E A D  ---------------

Current thread (0x0000000056668000):  JavaThread "C2 CompilerThread1" daemon [_thread_in_native, id=5212, stack(0x0000000056d30000,0x0000000056e30000)]

Stack: [0x0000000056d30000,0x0000000056e30000]
[error occurred during error reporting (printing stack bounds), id 0xc0000005]

Native frames: (J=compiled Java code, j=interpreted, Vv=VM code, C=native code)


Current CompileTask:
C2:   1067  535   !   4       com.android.dx.util.IntList::get (36 bytes)


---------------  P R O C E S S  ---------------

Java Threads: ( => current thread )
  0x0000000056957800 JavaThread "pool-1-thread-4" [_thread_in_Java, id=6720, stack(0x0000000057b50000,0x0000000057c50000)]
  0x0000000056956000 JavaThread "pool-1-thread-3" [_thread_in_native, id=6492, stack(0x00000000579f0000,0x0000000057af0000)]
  0x000000005691e800 JavaThread "pool-1-thread-2" [_thread_in_Java, id=4464, stack(0x0000000057880000,0x0000000057980000)]
  0x0000000056865000 JavaThread "pool-2-thread-1" [_thread_blocked, id=1312, stack(0x00000000576f0000,0x00000000577f0000)]
  0x000000005685b000 JavaThread "pool-1-thread-1" [_thread_blocked, id=4944, stack(0x00000000574e0000,0x00000000575e0000)]
  0x00000000566ee000 JavaThread "Service Thread" daemon [_thread_blocked, id=2184, stack(0x0000000057140000,0x0000000057240000)]
  0x000000005666d000 JavaThread "C1 CompilerThread2" daemon [_thread_in_native, id=7060, stack(0x0000000056f20000,0x0000000057020000)]
=>0x0000000056668000 JavaThread "C2 CompilerThread1" daemon [_thread_in_native, id=5212, stack(0x0000000056d30000,0x0000000056e30000)]
  0x00000000552ec000 JavaThread "C2 CompilerThread0" daemon [_thread_blocked, id=4340, stack(0x0000000056a80000,0x0000000056b80000)]
  0x00000000552e9000 JavaThread "Attach Listener" daemon [_thread_blocked, id=6760, stack(0x0000000056c00000,0x0000000056d00000)]
  0x00000000552db800 JavaThread "Signal Dispatcher" daemon [_thread_blocked, id=5004, stack(0x0000000056410000,0x0000000056510000)]
  0x00000000552c9000 JavaThread "Finalizer" daemon [_thread_blocked, id=4568, stack(0x0000000056550000,0x0000000056650000)]
  0x0000000055282000 JavaThread "Reference Handler" daemon [_thread_blocked, id=6936, stack(0x00000000562e0000,0x00000000563e0000)]
  0x00000000026ae000 JavaThread "main" [_thread_in_native, id=4200, stack(0x0000000002910000,0x0000000002a10000)]

Other Threads:
  0x000000005527a800 VMThread [stack: 0x00000000561d0000,0x00000000562d0000] [id=6276]
  0x000000005671e800 WatcherThread [stack: 0x00000000572c0000,0x00000000573c0000] [id=5756]

VM state:not at safepoint (normal execution)

VM Mutex/Monitor currently owned by a thread: None

Heap:
 PSYoungGen      total 28672K, used 11337K [0x00000000eab00000, 0x00000000ecb00000, 0x0000000100000000)
  eden space 24576K, 46% used [0x00000000eab00000,0x00000000eb612470,0x00000000ec300000)
  from space 4096K, 0% used [0x00000000ec700000,0x00000000ec700000,0x00000000ecb00000)
  to   space 4096K, 0% used [0x00000000ec300000,0x00000000ec300000,0x00000000ec700000)
 ParOldGen       total 65536K, used 0K [0x00000000c0000000, 0x00000000c4000000, 0x00000000eab00000)
  object space 65536K, 0% used [0x00000000c0000000,0x00000000c0000000,0x00000000c4000000)
 Metaspace       used 5359K, capacity 6512K, committed 6784K, reserved 1056768K
  class space    used 577K, capacity 616K, committed 640K, reserved 1048576K

Card table byte_map: [0x0000000011dd0000,0x0000000011fe0000] byte_map_base: 0x00000000117d0000

Marking Bits: (ParMarkBitMap*) 0x00000000721764f0
 Begin Bits: [0x00000000126f0000, 0x00000000136f0000)
 End Bits:   [0x00000000136f0000, 0x00000000146f0000)

Polling page: 0x00000000001c0000

CodeCache: size=245760Kb used=2161Kb max_used=2172Kb free=243598Kb
 bounds [0x0000000002a10000, 0x0000000002c80000, 0x0000000011a10000]
 total_blobs=764 nmethods=501 adapters=176
 compilation: enabled

Compilation events (10 events):
Event: 1.053 Thread 0x0000000056668000  500       4       com.android.dx.util.ByteArray::getUnsignedByte (14 bytes)
Event: 1.055 Thread 0x0000000056668000 nmethod 500 0x0000000002c2f350 code [0x0000000002c2f4a0, 0x0000000002c2f598]
Event: 1.057 Thread 0x00000000552ec000  507       4       com.android.dx.util.Bits::set (19 bytes)
Event: 1.057 Thread 0x000000005666d000  501   !   3       com.android.dx.cf.code.BytecodeArray::parseInstruction (2764 bytes)
Event: 1.057 Thread 0x00000000552ec000 nmethod 507 0x0000000002c2bd10 code [0x0000000002c2be40, 0x0000000002c2bed8]
Event: 1.059 Thread 0x0000000056668000  521       4       java.util.ArrayList::add (29 bytes)
Event: 1.064 Thread 0x0000000056668000 nmethod 521 0x0000000002c2d010 code [0x0000000002c2d160, 0x0000000002c2d468]
Event: 1.064 Thread 0x00000000552ec000  532       4       java.util.BitSet::nextSetBit (102 bytes)
Event: 1.066 Thread 0x00000000552ec000 nmethod 532 0x0000000002c2cc50 code [0x0000000002c2cda0, 0x0000000002c2ced8]
Event: 1.066 Thread 0x0000000056668000  535   !   4       com.android.dx.util.IntList::get (36 bytes)

GC Heap History (0 events):
No events

Deoptimization events (1 events):
Event: 1.060 Thread 0x0000000056956000 Uncommon trap: reason=unstable_if action=reinterpret pc=0x0000000002c1de24 method=java.util.HashMap.getNode(ILjava/lang/Object;)Ljava/util/HashMap$Node; @ 62

Internal exceptions (2 events):
Event: 0.031 Thread 0x00000000026ae000 Exception <a 'java/lang/NoSuchMethodError': Method sun.misc.Unsafe.defineClass(Ljava/lang/String;[BII)Ljava/lang/Class; name or signature does not match> (0x00000000eab07cc0) thrown at [D:\re\workspace\8-2-build-windows-amd64-cygwin\jdk8u92\6642\hotspot\srkpà]×Ÿ?
Event: 0.031 Thread 0x00000000026ae000 Exception <a 'java/lang/NoSuchMethodError': Method sun.misc.Unsafe.prefetchRead(Ljava/lang/Object;J)V name or signature does not match> (0x00000000eab07fa8) thrown at [D:\re\workspace\8-2-build-windows-amd64-cygwin\jdk8u92\6642\hotspot\src\share\vm\prims\j

Events (10 events):
Event: 1.052 loading class com/android/dx/dex/file/MethodIdItem
Event: 1.052 loading class com/android/dx/dex/file/MethodIdItem done
Event: 1.052 loading class com/android/dx/cf/code/SwitchList
Event: 1.052 loading class com/android/dx/cf/code/SwitchList done
Event: 1.060 Thread 0x0000000056956000 Uncommon trap: trap_request=0xffffff65 fr.pc=0x0000000002c1de24
Event: 1.060 Thread 0x0000000056956000 DEOPT PACKING pc=0x0000000002c1de24 sp=0x0000000057aee400
Event: 1.060 Thread 0x0000000056956000 DEOPT UNPACKING pc=0x0000000002a5582a sp=0x0000000057aee378 mode 2
Event: 1.063 loading class com/android/dx/ssa/back/FirstFitLocalCombiningAllocator$Multiset
Event: 1.063 loading class com/android/dx/ssa/back/FirstFitLocalCombiningAllocator$Multiset done
Event: 1.066 loading class java/util/DualPivotQuicksort


Dynamic libraries:
0x000000013fc30000 - 0x000000013fc67000 	C:\Program Files\Java\jdk1.8.0_92\bin\java.exe
0x00000000770a0000 - 0x0000000077249000 	C:\Windows\SYSTEM32\ntdll.dll
0x0000000076e80000 - 0x0000000076f9f000 	C:\Windows\system32\kernel32.dll
0x000007fefd100000 - 0x000007fefd16b000 	C:\Windows\system32\KERNELBASE.dll
0x000007fefeef0000 - 0x000007fefefcb000 	C:\Windows\system32\ADVAPI32.dll
0x000007fefd860000 - 0x000007fefd8ff000 	C:\Windows\system32\msvcrt.dll
0x000007fefd3d0000 - 0x000007fefd3ef000 	C:\Windows\SYSTEM32\sechost.dll
0x000007fefd720000 - 0x000007fefd84d000 	C:\Windows\system32\RPCRT4.dll
0x0000000076fa0000 - 0x000000007709a000 	C:\Windows\system32\USER32.dll
0x000007fefee00000 - 0x000007fefee67000 	C:\Windows\system32\GDI32.dll
0x000007fefd3c0000 - 0x000007fefd3ce000 	C:\Windows\system32\LPK.dll
0x000007fefdf00000 - 0x000007fefdfc9000 	C:\Windows\system32\USP10.dll
0x000007fefb7e0000 - 0x000007fefb9d4000 	C:\Windows\WinSxS\amd64_microsoft.windows.common-controls_6595b64144ccf1df_6.0.7601.17514_none_fa396087175ac9ac\COMCTL32.dll
0x000007fefee70000 - 0x000007fefeee1000 	C:\Windows\system32\SHLWAPI.dll
0x000007fefded0000 - 0x000007fefdefe000 	C:\Windows\system32\IMM32.DLL
0x000007fefd5f0000 - 0x000007fefd6f9000 	C:\Windows\system32\MSCTF.dll
0x0000000067410000 - 0x00000000674e2000 	C:\Program Files\Java\jdk1.8.0_92\jre\bin\msvcr100.dll
0x0000000071960000 - 0x00000000721f6000 	C:\Program Files\Java\jdk1.8.0_92\jre\bin\server\jvm.dll
0x000007feea720000 - 0x000007feea729000 	C:\Windows\system32\WSOCK32.dll
0x000007fefd900000 - 0x000007fefd94d000 	C:\Windows\system32\WS2_32.dll
0x000007fefd850000 - 0x000007fefd858000 	C:\Windows\system32\NSI.dll
0x000007fefb170000 - 0x000007fefb1ab000 	C:\Windows\system32\WINMM.dll
0x000007fefc130000 - 0x000007fefc13c000 	C:\Windows\system32\VERSION.dll
0x0000000077270000 - 0x0000000077277000 	C:\Windows\system32\PSAPI.DLL
0x00000000748e0000 - 0x00000000748ef000 	C:\Program Files\Java\jdk1.8.0_92\jre\bin\verify.dll
0x00000000748b0000 - 0x00000000748d9000 	C:\Program Files\Java\jdk1.8.0_92\jre\bin\java.dll
0x0000000074890000 - 0x00000000748a6000 	C:\Program Files\Java\jdk1.8.0_92\jre\bin\zip.dll
0x000007fefe070000 - 0x000007fefedf8000 	C:\Windows\system32\SHELL32.dll
0x000007fefdcc0000 - 0x000007fefdec3000 	C:\Windows\system32\ole32.dll
0x000007fefcff0000 - 0x000007fefcfff000 	C:\Windows\system32\profapi.dll

VM Arguments:
jvm_args: -Djava.awt.headless=true -Xmx1024M -Dfile.encoding=GBK -Duser.country=CN -Duser.language=zh -Duser.variant 
java_command: com.android.dx.command.Main --dex --force-jumbo --num-threads=4 --output F:\Repository\StoryReader\app\build\intermediates\pre-dexed\debug\main_36d2441088195f6ec834fafc0f087d840ff6c2cb.jar F:\Repository\StoryReader\app\build\intermediates\transforms\instantRun\debug\folders\1\5\main
java_class_path (initial): E:\Android\SDK\build-tools\23.0.3\lib\dx.jar
Launcher Type: SUN_STANDARD

Environment Variables:
JAVA_HOME=C:\Program Files\Java\jdk1.8.0_92
PATH=C:\ProgramData\Oracle\Java\javapath;C:\Program Files (x86)\Intel\iCLS Client\;C:\Program Files\Intel\iCLS Client\;C:\Windows\system32;C:\Windows;C:\Windows\System32\Wbem;C:\Windows\System32\WindowsPowerShell\v1.0\;C:\Program Files\Intel\Intel(R) Management Engine Components\DAL;C:\Program Files\Intel\Intel(R) Management Engine Components\IPT;C:\Program Files (x86)\Intel\Intel(R) Management Engine Components\DAL;C:\Program Files (x86)\Intel\Intel(R) Management Engine Components\IPT;C:\Program Files (x86)\AMD\ATI.ACE\Core-Static;E:\Program Files\Git\cmd
USERNAME=kyly
OS=Windows_NT
PROCESSOR_IDENTIFIER=Intel64 Family 6 Model 42 Stepping 7, GenuineIntel



---------------  S Y S T E M  ---------------

OS: Windows 7 , 64 bit Build 7601 (6.1.7601.17514)

CPU:total 4 (2 cores per cpu, 2 threads per core) family 6 model 42 stepping 7, cmov, cx8, fxsr, mmx, sse, sse2, sse3, ssse3, sse4.1, sse4.2, popcnt, avx, clmul, ht, tsc, tscinvbit

Memory: 4k page, physical 6242136k(1146728k free), swap 11483172k(5092k free)

vm_info: Java HotSpot(TM) 64-Bit Server VM (25.92-b14) for windows-amd64 JRE (1.8.0_92-b14), built on Mar 31 2016 21:03:04 by "java_re" with MS VC++ 10.0 (VS2010)

time: Thu May 26 20:36:37 2016
elapsed time: 1 seconds (0d 0h 0m 1s)

